<?xml version="1.0" encoding="UTF-8"?>
<!-- Generated by org.testng.reporters.JUnitReportReporter -->
<testsuite hostname="Priya" failures="0" tests="1" name="TestNgpack.VerifyForgorPasswordPage" time="4.445" errors="0" timestamp="2023-03-15T20:58:28 IST" skipped="0">
  <testcase classname="TestNgpack.VerifyForgorPasswordPage" name="B" time="4.445"/>
  <system-out/>
</testsuite> <!-- TestNgpack.VerifyForgorPasswordPage -->
